#
# A fatal error has been detected by the Java Runtime Environment:
#
#  EXCEPTION_ACCESS_VIOLATION (0xc0000005) at pc=0x00000000708732f5, pid=37440, tid=0x000000000000dd7c
#
# JRE version: Java(TM) SE Runtime Environment (8.0_201-b09) (build 1.8.0_201-b09)
# Java VM: Java HotSpot(TM) 64-Bit Server VM (25.201-b09 mixed mode windows-amd64 compressed oops)
# Problematic frame:
# V  [jvm.dll+0x732f5]
#
# Failed to write core dump. Minidumps are not enabled by default on client versions of Windows
#
# If you would like to submit a bug report, please visit:
#   http://bugreport.java.com/bugreport/crash.jsp
#

---------------  T H R E A D  ---------------

Current thread (0x000000001dfd2800):  VMThread [stack: 0x000000001f070000,0x000000001f170000] [id=56700]

siginfo: ExceptionCode=0xc0000005, reading address 0x000000ca70e06b90

Registers:
RAX=0x000000ca70e06b48, RBX=0x0000000002cb4800, RCX=0x000000001c36d370, RDX=0x0000000070873201
RSP=0x000000001f16ef78, RBP=0x00000000708732f0, RSI=0x0000000000000000, RDI=0x0000000000000000
R8 =0x0000000002ccf9f0, R9 =0x0000000002db08da, R10=0x000000001f16f000, R11=0x000000001f26f060
R12=0x0000000002d5c808, R13=0x00000000000003d8, R14=0x0000000002d5c430, R15=0x0000000002d5c808
RIP=0x00000000708732f5, EFLAGS=0x0000000000010246

Top of Stack: (sp=0x000000001f16ef78)
0x000000001f16ef78:   0000000070a4301e 000000001c91d800
0x000000001f16ef88:   00000000708732f0 0000000000000028
0x000000001f16ef98:   000000007089b45f 000000001f26f070
0x000000001f16efa8:   0000000002db08da 0000000002db0790
0x000000001f16efb8:   0000000000000000 000000001f26f150
0x000000001f16efc8:   000000001f26f070 000000001f26f070
0x000000001f16efd8:   0000000002db08da 0000000002db0790
0x000000001f16efe8:   0000000000000000 000000001f26f150
0x000000001f16eff8:   000000001f26f070 000000001f16f050
0x000000001f16f008:   0000000000000000 000000000000000c
0x000000001f16f018:   0000000002b9f0e0 0000000070fba878
0x000000001f16f028:   0000000070a42fa0 0000000002cb4800
0x000000001f16f038:   0000000000000000 000000000000000c
0x000000001f16f048:   00000000000000d8 000000001f26f060
0x000000001f16f058:   000000001f26f060 0000000002db0790
0x000000001f16f068:   0000000000000000 0000000002b9f230 

Instructions: (pc=0x00000000708732f5)
0x00000000708732d5:   24 60 48 8b 6c 24 68 48 8b 74 24 70 48 83 c4 30
0x00000000708732e5:   41 5f 41 5e 41 5d 41 5c 5f c3 cc 48 8b 01 b2 01
0x00000000708732f5:   48 ff 60 48 cc cc cc cc cc cc cc 48 8d 15 e9 ff
0x0000000070873305:   ff ff e9 a4 5b 02 00 cc cc cc cc 48 89 5c 24 08 


Register to memory mapping:

RAX=0x000000ca70e06b48 is an unknown value
RBX=0x0000000002cb4800 is a thread
RCX=0x000000001c36d370 is pointing into metadata
RDX=0x0000000070873201 is an unknown value
RSP=0x000000001f16ef78 is an unknown value
RBP=0x00000000708732f0 is an unknown value
RSI=0x0000000000000000 is an unknown value
RDI=0x0000000000000000 is an unknown value
R8 =0x0000000002ccf9f0 is an unknown value
R9 =0x0000000002db08da is at begin+179 in a stub
StubRoutines::call_stub [0x0000000002db0827, 0x0000000002db098b[ (356 bytes)
R10=0x000000001f16f000 is an unknown value
R11=0x000000001f26f060 is pointing into the stack for thread: 0x000000001c91d800
R12=0x0000000002d5c808 is an unknown value
R13=0x00000000000003d8 is an unknown value
R14=0x0000000002d5c430 is an unknown value
R15=0x0000000002d5c808 is an unknown value


Stack: [0x000000001f070000,0x000000001f170000],  sp=0x000000001f16ef78,  free space=1019k
Native frames: (J=compiled Java code, j=interpreted, Vv=VM code, C=native code)
V  [jvm.dll+0x732f5]

VM_Operation (0x000000001faaf200): RedefineClasses, mode: safepoint, requested by thread 0x000000001e01a800


---------------  P R O C E S S  ---------------

Java Threads: ( => current thread )
  0x00000000211da000 JavaThread "Exec Stream Pumper" daemon [_thread_in_native, id=47452, stack(0x0000000022f50000,0x0000000023050000)]
  0x00000000211d9800 JavaThread "Exec Stream Pumper" daemon [_thread_in_native, id=38264, stack(0x0000000022e50000,0x0000000022f50000)]
  0x00000000211dc800 JavaThread "Exec Default Executor" daemon [_thread_in_native, id=34924, stack(0x0000000022c50000,0x0000000022d50000)]
  0x000000001e357800 JavaThread "Service Thread" daemon [_thread_blocked, id=21584, stack(0x00000000200b0000,0x00000000201b0000)]
  0x000000001e2d9800 JavaThread "C1 CompilerThread3" daemon [_thread_blocked, id=57808, stack(0x000000001ffb0000,0x00000000200b0000)]
  0x000000001e2e7000 JavaThread "C2 CompilerThread2" daemon [_thread_blocked, id=61564, stack(0x000000001feb0000,0x000000001ffb0000)]
  0x000000001e2e4000 JavaThread "C2 CompilerThread1" daemon [_thread_blocked, id=90036, stack(0x000000001fdb0000,0x000000001feb0000)]
  0x000000001e2cd800 JavaThread "C2 CompilerThread0" daemon [_thread_blocked, id=94836, stack(0x000000001fcb0000,0x000000001fdb0000)]
  0x000000001e01e800 JavaThread "JDWP Command Reader" daemon [_thread_in_native, id=8524, stack(0x000000001fbb0000,0x000000001fcb0000)]
  0x000000001e01b800 JavaThread "JDWP Event Helper Thread" daemon [_thread_blocked, id=69844, stack(0x000000001fab0000,0x000000001fbb0000)]
  0x000000001e01a800 JavaThread "JDWP Transport Listener: dt_socket" daemon [_thread_blocked, id=91120, stack(0x000000001f9b0000,0x000000001fab0000)]
  0x000000001e002000 JavaThread "Attach Listener" daemon [_thread_blocked, id=9424, stack(0x000000001f570000,0x000000001f670000)]
  0x000000001e001000 JavaThread "Signal Dispatcher" daemon [_thread_blocked, id=14944, stack(0x000000001f470000,0x000000001f570000)]
  0x000000001dff3000 JavaThread "Finalizer" daemon [_thread_blocked, id=11332, stack(0x000000001f270000,0x000000001f370000)]
  0x000000001c91d800 JavaThread "Reference Handler" daemon [_thread_blocked, id=23008, stack(0x000000001f170000,0x000000001f270000)]
  0x0000000002cb4800 JavaThread "main" [_thread_blocked, id=63816, stack(0x0000000002aa0000,0x0000000002ba0000)]

Other Threads:
=>0x000000001dfd2800 VMThread [stack: 0x000000001f070000,0x000000001f170000] [id=56700]
  0x000000001e38d800 WatcherThread [stack: 0x00000000209b0000,0x0000000020ab0000] [id=15884]

VM state:at safepoint (normal execution)

VM Mutex/Monitor currently owned by a thread:  ([mutex/lock_event])
[0x0000000002cb17d0] Threads_lock - owner thread: 0x000000001dfd2800

heap address: 0x00000006c2e00000, size: 4050 MB, Compressed Oops mode: Zero based, Oop shift amount: 3
Narrow klass base: 0x0000000000000000, Narrow klass shift: 3
Compressed class space size: 1073741824 Address: 0x00000007c0000000

Heap:
 PSYoungGen      total 75776K, used 37009K [0x000000076ba00000, 0x0000000770e80000, 0x00000007c0000000)
  eden space 65024K, 46% used [0x000000076ba00000,0x000000076d7b5c88,0x000000076f980000)
  from space 10752K, 61% used [0x000000076f980000,0x000000076ffeea20,0x0000000770400000)
  to   space 10752K, 0% used [0x0000000770400000,0x0000000770400000,0x0000000770e80000)
 ParOldGen       total 173568K, used 16K [0x00000006c2e00000, 0x00000006cd780000, 0x000000076ba00000)
  object space 173568K, 0% used [0x00000006c2e00000,0x00000006c2e04000,0x00000006cd780000)
 Metaspace       used 14048K, capacity 14300K, committed 14464K, reserved 1062912K
  class space    used 1756K, capacity 1870K, committed 1920K, reserved 1048576K

Card table byte_map: [0x0000000012170000,0x0000000012960000] byte_map_base: 0x000000000eb59000

Marking Bits: (ParMarkBitMap*) 0x0000000071024ce0
 Begin Bits: [0x00000000138b0000, 0x00000000177f8000)
 End Bits:   [0x00000000177f8000, 0x000000001b740000)

Polling page: 0x00000000007c0000

CodeCache: size=245760Kb used=5970Kb max_used=5970Kb free=239789Kb
 bounds [0x0000000002db0000, 0x0000000003390000, 0x0000000011db0000]
 total_blobs=1883 nmethods=1504 adapters=299
 compilation: enabled

Compilation events (10 events):
Event: 14.727 Thread 0x000000001e2d9800 1499       3       com.google.gson.internal.$Gson$Preconditions::checkArgument (13 bytes)
Event: 14.727 Thread 0x000000001e2d9800 nmethod 1499 0x0000000003382350 code [0x00000000033824c0, 0x00000000033826e8]
Event: 14.727 Thread 0x000000001e2d9800 1501       3       org.apache.commons.logging.impl.Jdk14Logger::getLogger (23 bytes)
Event: 14.727 Thread 0x000000001e2d9800 nmethod 1501 0x00000000033827d0 code [0x0000000003382940, 0x0000000003382bd8]
Event: 14.781 Thread 0x000000001e2d9800 1502       3       com.google.gson.internal.$Gson$Types::getRawType (157 bytes)
Event: 14.782 Thread 0x000000001e2d9800 nmethod 1502 0x0000000003382cd0 code [0x0000000003383040, 0x00000000033850c8]
Event: 14.782 Thread 0x000000001e2d9800 1503       3       com.google.common.collect.ImmutableEntry::<init> (15 bytes)
Event: 14.783 Thread 0x000000001e2d9800 nmethod 1503 0x0000000003385b10 code [0x0000000003385c80, 0x0000000003385ed0]
Event: 14.783 Thread 0x000000001e2d9800 1504       3       com.google.common.collect.Sets$ImprovedAbstractSet::<init> (5 bytes)
Event: 14.783 Thread 0x000000001e2d9800 nmethod 1504 0x0000000003385fd0 code [0x0000000003386140, 0x00000000033863b0]

GC Heap History (2 events):
Event: 4.333 GC heap before
{Heap before GC invocations=1 (full 0):
 PSYoungGen      total 75776K, used 65024K [0x000000076ba00000, 0x0000000770e80000, 0x00000007c0000000)
  eden space 65024K, 100% used [0x000000076ba00000,0x000000076f980000,0x000000076f980000)
  from space 10752K, 0% used [0x0000000770400000,0x0000000770400000,0x0000000770e80000)
  to   space 10752K, 0% used [0x000000076f980000,0x000000076f980000,0x0000000770400000)
 ParOldGen       total 173568K, used 0K [0x00000006c2e00000, 0x00000006cd780000, 0x000000076ba00000)
  object space 173568K, 0% used [0x00000006c2e00000,0x00000006c2e00000,0x00000006cd780000)
 Metaspace       used 11307K, capacity 11588K, committed 11776K, reserved 1058816K
  class space    used 1353K, capacity 1466K, committed 1536K, reserved 1048576K
Event: 4.339 GC heap after
Heap after GC invocations=1 (full 0):
 PSYoungGen      total 75776K, used 6586K [0x000000076ba00000, 0x0000000770e80000, 0x00000007c0000000)
  eden space 65024K, 0% used [0x000000076ba00000,0x000000076ba00000,0x000000076f980000)
  from space 10752K, 61% used [0x000000076f980000,0x000000076ffeea20,0x0000000770400000)
  to   space 10752K, 0% used [0x0000000770400000,0x0000000770400000,0x0000000770e80000)
 ParOldGen       total 173568K, used 16K [0x00000006c2e00000, 0x00000006cd780000, 0x000000076ba00000)
  object space 173568K, 0% used [0x00000006c2e00000,0x00000006c2e04000,0x00000006cd780000)
 Metaspace       used 11307K, capacity 11588K, committed 11776K, reserved 1058816K
  class space    used 1353K, capacity 1466K, committed 1536K, reserved 1048576K
}

Deoptimization events (10 events):
Event: 4.378 Thread 0x0000000002cb4800 Uncommon trap: reason=class_check action=maybe_recompile pc=0x00000000031b97d8 method=java.util.regex.Matcher.search(I)Z @ 86
Event: 4.378 Thread 0x0000000002cb4800 Uncommon trap: reason=class_check action=maybe_recompile pc=0x00000000030e041c method=java.util.regex.Pattern$Curly.match(Ljava/util/regex/Matcher;ILjava/lang/CharSequence;)Z @ 19
Event: 4.379 Thread 0x0000000002cb4800 Uncommon trap: reason=class_check action=maybe_recompile pc=0x00000000030e041c method=java.util.regex.Pattern$Curly.match(Ljava/util/regex/Matcher;ILjava/lang/CharSequence;)Z @ 19
Event: 4.379 Thread 0x0000000002cb4800 Uncommon trap: reason=class_check action=maybe_recompile pc=0x00000000030e041c method=java.util.regex.Pattern$Curly.match(Ljava/util/regex/Matcher;ILjava/lang/CharSequence;)Z @ 19
Event: 4.424 Thread 0x0000000002cb4800 Uncommon trap: reason=unstable_if action=reinterpret pc=0x0000000002f33854 method=org.eclipse.jdt.launching.internal.org.objectweb.asm.ClassReader.readUtf(II[C)Ljava/lang/String; @ 41
Event: 4.424 Thread 0x0000000002cb4800 Uncommon trap: reason=unstable_if action=reinterpret pc=0x0000000002f6b988 method=org.eclipse.jdt.launching.internal.org.objectweb.asm.ByteVector.putUTF8(Ljava/lang/String;)Lorg/eclipse/jdt/launching/internal/org/objectweb/asm/ByteVector; @ 100
Event: 4.424 Thread 0x0000000002cb4800 Uncommon trap: reason=unstable_if action=reinterpret pc=0x000000000301cfc4 method=org.eclipse.jdt.launching.internal.org.objectweb.asm.ByteVector.encodeUtf8(Ljava/lang/String;II)Lorg/eclipse/jdt/launching/internal/org/objectweb/asm/ByteVector; @ 37
Event: 4.428 Thread 0x0000000002cb4800 Uncommon trap: reason=unstable_if action=reinterpret pc=0x0000000002f31cb0 method=org.eclipse.jdt.launching.internal.org.objectweb.asm.ClassReader.readUtf(II[C)Ljava/lang/String; @ 41
Event: 4.428 Thread 0x0000000002cb4800 Uncommon trap: reason=unstable_if action=reinterpret pc=0x0000000002f2e868 method=org.eclipse.jdt.launching.internal.org.objectweb.asm.ByteVector.putUTF8(Ljava/lang/String;)Lorg/eclipse/jdt/launching/internal/org/objectweb/asm/ByteVector; @ 93
Event: 4.526 Thread 0x0000000002cb4800 Uncommon trap: reason=unstable_if action=reinterpret pc=0x0000000003235920 method=java.util.concurrent.ConcurrentHashMap.putVal(Ljava/lang/Object;Ljava/lang/Object;Z)Ljava/lang/Object; @ 181

Classes redefined (10 events):
Event: 19683.448 Thread 0x000000001dfd2800 redefined class name=pkgSeleniumCoursePart5.CaseStudyPart5.CaseStudy5, count=6
Event: 20395.217 Thread 0x000000001dfd2800 redefined class name=pkgSeleniumCoursePart5.CaseStudyPart5.CaseStudy5, count=7
Event: 20415.424 Thread 0x000000001dfd2800 redefined class name=pkgSeleniumCoursePart5.CaseStudyPart5.CaseStudy5, count=8
Event: 20492.337 Thread 0x000000001dfd2800 redefined class name=pkgSeleniumCoursePart5.CaseStudyPart5.CaseStudy5, count=9
Event: 20567.495 Thread 0x000000001dfd2800 redefined class name=pkgSeleniumCoursePart5.CaseStudyPart5.CaseStudy5, count=10
Event: 20760.955 Thread 0x000000001dfd2800 redefined class name=pkgSeleniumCoursePart5.CaseStudyPart5.CaseStudy5, count=11
Event: 21507.056 Thread 0x000000001dfd2800 redefined class name=pkgSeleniumCoursePart5.CaseStudyPart5.CaseStudy5, count=12
Event: 21808.615 Thread 0x000000001dfd2800 redefined class name=pkgSeleniumCoursePart5.CaseStudyPart5.CaseStudy5, count=13
Event: 23522.028 Thread 0x000000001dfd2800 redefined class name=pkgSeleniumCoursePart5.CaseStudyPart5.CaseStudy5, count=14
Event: 23777.554 Thread 0x000000001dfd2800 redefined class name=pkgSeleniumCoursePart5.CaseStudyPart5.CaseStudy5, count=15

Internal exceptions (10 events):
Event: 14.172 Thread 0x0000000002cb4800 Exception <a 'java/net/SocketTimeoutException': Read timed out> (0x000000076d424140) thrown at [C:\re\workspace\8-2-build-windows-amd64-cygwin\jdk8u201\12322\hotspot\src\share\vm\prims\jni.cpp, line 735]
Event: 14.222 Thread 0x0000000002cb4800 Exception <a 'java/net/SocketTimeoutException': Read timed out> (0x000000076d4b50a0) thrown at [C:\re\workspace\8-2-build-windows-amd64-cygwin\jdk8u201\12322\hotspot\src\share\vm\prims\jni.cpp, line 735]
Event: 14.271 Thread 0x0000000002cb4800 Exception <a 'java/net/SocketTimeoutException': Read timed out> (0x000000076d4c4b90) thrown at [C:\re\workspace\8-2-build-windows-amd64-cygwin\jdk8u201\12322\hotspot\src\share\vm\prims\jni.cpp, line 735]
Event: 14.285 Thread 0x0000000002cb4800 Exception <a 'java/net/SocketTimeoutException': Read timed out> (0x000000076d4e4468) thrown at [C:\re\workspace\8-2-build-windows-amd64-cygwin\jdk8u201\12322\hotspot\src\share\vm\prims\jni.cpp, line 735]
Event: 14.557 Thread 0x0000000002cb4800 Exception <a 'java/net/SocketTimeoutException': Read timed out> (0x000000076d4f4468) thrown at [C:\re\workspace\8-2-build-windows-amd64-cygwin\jdk8u201\12322\hotspot\src\share\vm\prims\jni.cpp, line 735]
Event: 14.591 Thread 0x0000000002cb4800 Exception <a 'java/net/SocketTimeoutException': Read timed out> (0x000000076d513480) thrown at [C:\re\workspace\8-2-build-windows-amd64-cygwin\jdk8u201\12322\hotspot\src\share\vm\prims\jni.cpp, line 735]
Event: 14.644 Thread 0x0000000002cb4800 Exception <a 'java/net/SocketTimeoutException': Read timed out> (0x000000076d522ee0) thrown at [C:\re\workspace\8-2-build-windows-amd64-cygwin\jdk8u201\12322\hotspot\src\share\vm\prims\jni.cpp, line 735]
Event: 14.661 Thread 0x0000000002cb4800 Exception <a 'java/net/SocketTimeoutException': Read timed out> (0x000000076d542738) thrown at [C:\re\workspace\8-2-build-windows-amd64-cygwin\jdk8u201\12322\hotspot\src\share\vm\prims\jni.cpp, line 735]
Event: 14.705 Thread 0x0000000002cb4800 Exception <a 'java/net/SocketTimeoutException': Read timed out> (0x000000076d552578) thrown at [C:\re\workspace\8-2-build-windows-amd64-cygwin\jdk8u201\12322\hotspot\src\share\vm\prims\jni.cpp, line 735]
Event: 14.728 Thread 0x0000000002cb4800 Exception <a 'java/net/SocketTimeoutException': Read timed out> (0x000000076d563e48) thrown at [C:\re\workspace\8-2-build-windows-amd64-cygwin\jdk8u201\12322\hotspot\src\share\vm\prims\jni.cpp, line 735]

Events (10 events):
Event: 23857.434 Executing VM operation: GetOwnedMonitorInfo done
Event: 23878.210 Executing VM operation: GetCurrentContendedMonitor
Event: 23878.210 Executing VM operation: GetCurrentContendedMonitor done
Event: 23878.211 Executing VM operation: GetOwnedMonitorInfo
Event: 23878.211 Executing VM operation: GetOwnedMonitorInfo done
Event: 23878.700 Executing VM operation: GetOwnedMonitorInfo
Event: 23878.700 Executing VM operation: GetOwnedMonitorInfo done
Event: 23878.700 Executing VM operation: GetCurrentContendedMonitor
Event: 23878.700 Executing VM operation: GetCurrentContendedMonitor done
Event: 24264.261 Executing VM operation: RedefineClasses


Dynamic libraries:
0x00007ff752e60000 - 0x00007ff752e97000 	C:\Program Files\Java\jre1.8.0_201\bin\javaw.exe
0x00007ffd4ce70000 - 0x00007ffd4d05d000 	C:\WINDOWS\SYSTEM32\ntdll.dll
0x00007ffd4ac20000 - 0x00007ffd4acd3000 	C:\WINDOWS\System32\KERNEL32.DLL
0x00007ffd490c0000 - 0x00007ffd49353000 	C:\WINDOWS\System32\KERNELBASE.dll
0x00007ffd4cd90000 - 0x00007ffd4ce33000 	C:\WINDOWS\System32\ADVAPI32.dll
0x00007ffd4b1c0000 - 0x00007ffd4b25e000 	C:\WINDOWS\System32\msvcrt.dll
0x00007ffd4b4f0000 - 0x00007ffd4b58e000 	C:\WINDOWS\System32\sechost.dll
0x00007ffd4b2d0000 - 0x00007ffd4b3f2000 	C:\WINDOWS\System32\RPCRT4.dll
0x00007ffd4b590000 - 0x00007ffd4b727000 	C:\WINDOWS\System32\USER32.dll
0x00007ffd49d10000 - 0x00007ffd49d30000 	C:\WINDOWS\System32\win32u.dll
0x00007ffd4aa20000 - 0x00007ffd4aa49000 	C:\WINDOWS\System32\GDI32.dll
0x00007ffd49b70000 - 0x00007ffd49d09000 	C:\WINDOWS\System32\gdi32full.dll
0x00007ffd49ab0000 - 0x00007ffd49b50000 	C:\WINDOWS\System32\msvcp_win.dll
0x00007ffd48fc0000 - 0x00007ffd490ba000 	C:\WINDOWS\System32\ucrtbase.dll
0x00007ffd3bb30000 - 0x00007ffd3bda9000 	C:\WINDOWS\WinSxS\amd64_microsoft.windows.common-controls_6595b64144ccf1df_6.0.17763.615_none_05b4414a072024d4\COMCTL32.dll
0x00007ffd4ad60000 - 0x00007ffd4b08c000 	C:\WINDOWS\System32\combase.dll
0x00007ffd48f40000 - 0x00007ffd48fbe000 	C:\WINDOWS\System32\bcryptPrimitives.dll
0x00007ffd4cc20000 - 0x00007ffd4cc4e000 	C:\WINDOWS\System32\IMM32.DLL
0x0000000070640000 - 0x0000000070711000 	C:\Program Files\Java\jre1.8.0_201\bin\msvcr100.dll
0x0000000070800000 - 0x00000000710a4000 	C:\Program Files\Java\jre1.8.0_201\bin\server\jvm.dll
0x00007ffd4ac10000 - 0x00007ffd4ac18000 	C:\WINDOWS\System32\PSAPI.DLL
0x00007ffd39d30000 - 0x00007ffd39d3a000 	C:\WINDOWS\SYSTEM32\VERSION.dll
0x00007ffd305c0000 - 0x00007ffd305c9000 	C:\WINDOWS\SYSTEM32\WSOCK32.dll
0x00007ffd40a70000 - 0x00007ffd40a94000 	C:\WINDOWS\SYSTEM32\WINMM.dll
0x00007ffd4b260000 - 0x00007ffd4b2cd000 	C:\WINDOWS\System32\WS2_32.dll
0x00007ffd40880000 - 0x00007ffd408ad000 	C:\WINDOWS\SYSTEM32\WINMMBASE.dll
0x00007ffd49d30000 - 0x00007ffd49d7a000 	C:\WINDOWS\System32\cfgmgr32.dll
0x00007ffd442e0000 - 0x00007ffd442ef000 	C:\Program Files\Java\jre1.8.0_201\bin\verify.dll
0x00007ffd39f30000 - 0x00007ffd39f59000 	C:\Program Files\Java\jre1.8.0_201\bin\java.dll
0x00007ffd3b3c0000 - 0x00007ffd3b3f5000 	C:\Program Files\Java\jre1.8.0_201\bin\jdwp.dll
0x00007ffd442f0000 - 0x00007ffd442f8000 	C:\Program Files\Java\jre1.8.0_201\bin\npt.dll
0x00007ffd42470000 - 0x00007ffd42493000 	C:\Program Files\Java\jre1.8.0_201\bin\instrument.dll
0x00007ffd42400000 - 0x00007ffd42416000 	C:\Program Files\Java\jre1.8.0_201\bin\zip.dll
0x00007ffd4b730000 - 0x00007ffd4cc20000 	C:\WINDOWS\System32\SHELL32.dll
0x00007ffd4a970000 - 0x00007ffd4aa18000 	C:\WINDOWS\System32\shcore.dll
0x00007ffd49360000 - 0x00007ffd49aaa000 	C:\WINDOWS\System32\windows.storage.dll
0x00007ffd48f10000 - 0x00007ffd48f34000 	C:\WINDOWS\System32\profapi.dll
0x00007ffd48eb0000 - 0x00007ffd48f0d000 	C:\WINDOWS\System32\powrprof.dll
0x00007ffd4cd30000 - 0x00007ffd4cd82000 	C:\WINDOWS\System32\shlwapi.dll
0x00007ffd48e70000 - 0x00007ffd48e81000 	C:\WINDOWS\System32\kernel.appcore.dll
0x00007ffd49b50000 - 0x00007ffd49b67000 	C:\WINDOWS\System32\cryptsp.dll
0x00007ffd44010000 - 0x00007ffd44019000 	C:\Program Files\Java\jre1.8.0_201\bin\dt_socket.dll
0x00007ffd240b0000 - 0x00007ffd240c6000 	C:\WINDOWS\system32\napinsp.dll
0x00007ffd24090000 - 0x00007ffd240aa000 	C:\WINDOWS\system32\pnrpnsp.dll
0x00007ffd486e0000 - 0x00007ffd48747000 	C:\WINDOWS\System32\mswsock.dll
0x00007ffd48480000 - 0x00007ffd48546000 	C:\WINDOWS\SYSTEM32\DNSAPI.dll
0x00007ffd4ace0000 - 0x00007ffd4ace8000 	C:\WINDOWS\System32\NSI.dll
0x00007ffd48440000 - 0x00007ffd4847d000 	C:\WINDOWS\SYSTEM32\IPHLPAPI.DLL
0x00007ffd24080000 - 0x00007ffd2408e000 	C:\WINDOWS\System32\winrnr.dll
0x00007ffd42220000 - 0x00007ffd4223b000 	C:\WINDOWS\system32\NLAapi.dll
0x00007ffd43370000 - 0x00007ffd43385000 	C:\WINDOWS\system32\wshbth.dll
0x00007ffd39920000 - 0x00007ffd39999000 	C:\WINDOWS\System32\fwpuclnt.dll
0x00007ffd4a070000 - 0x00007ffd4a096000 	C:\WINDOWS\System32\bcrypt.dll
0x00007ffd38ce0000 - 0x00007ffd38cea000 	C:\Windows\System32\rasadhlp.dll
0x00007ffd41bb0000 - 0x00007ffd41bca000 	C:\Program Files\Java\jre1.8.0_201\bin\net.dll
0x00007ffd3c080000 - 0x00007ffd3c257000 	C:\WINDOWS\SYSTEM32\urlmon.dll
0x00007ffd3b880000 - 0x00007ffd3bb28000 	C:\WINDOWS\SYSTEM32\iertutil.dll
0x00007ffd488b0000 - 0x00007ffd488bc000 	C:\WINDOWS\SYSTEM32\CRYPTBASE.DLL
0x00007ffd39df0000 - 0x00007ffd39e14000 	C:\Program Files\Java\jre1.8.0_201\bin\sunec.dll
0x00007ffd39650000 - 0x00007ffd39666000 	C:\WINDOWS\SYSTEM32\dhcpcsvc6.DLL
0x00007ffd39630000 - 0x00007ffd3964c000 	C:\WINDOWS\SYSTEM32\dhcpcsvc.DLL
0x00007ffd408b0000 - 0x00007ffd408c1000 	C:\Program Files\Java\jre1.8.0_201\bin\nio.dll
0x00007ffd482a0000 - 0x00007ffd482d3000 	C:\WINDOWS\system32\rsaenh.dll
0x00007ffd48d70000 - 0x00007ffd48d98000 	C:\WINDOWS\SYSTEM32\USERENV.dll
0x00007ffd41f90000 - 0x00007ffd4217d000 	C:\WINDOWS\SYSTEM32\dbghelp.dll

VM Arguments:
jvm_args: -agentlib:jdwp=transport=dt_socket,suspend=y,address=localhost:63956 -javaagent:C:\Users\edgri\eclipse\jee-2019-03\eclipse\configuration\org.eclipse.osgi\409\0\.cp\lib\javaagent-shaded.jar -Dfile.encoding=UTF-8 
java_command: pkgSeleniumCoursePart5.CaseStudyPart5.CaseStudy5
java_class_path (initial): C:\Users\edgri\eclipse-workspace-jee-2019-03\Ed_GSeleniumProject\bin;C:\Users\edgri\Desktop\SeleniumCertificationTraining\Selenium\libs\selenium-java-3.4.0\lib\cglib-nodep-3.2.4.jar;C:\Users\edgri\Desktop\SeleniumCertificationTraining\Selenium\libs\selenium-java-3.4.0\lib\client-combined-3.4.0-nodeps.jar;C:\Users\edgri\Desktop\SeleniumCertificationTraining\Selenium\libs\selenium-java-3.4.0\lib\commons-codec-1.10.jar;C:\Users\edgri\Desktop\SeleniumCertificationTraining\Selenium\libs\selenium-java-3.4.0\lib\commons-exec-1.3.jar;C:\Users\edgri\Desktop\SeleniumCertificationTraining\Selenium\libs\selenium-java-3.4.0\lib\commons-io-2.5.jar;C:\Users\edgri\Desktop\SeleniumCertificationTraining\Selenium\libs\selenium-java-3.4.0\lib\commons-lang3-3.5.jar;C:\Users\edgri\Desktop\SeleniumCertificationTraining\Selenium\libs\selenium-java-3.4.0\lib\commons-logging-1.2.jar;C:\Users\edgri\Desktop\SeleniumCertificationTraining\Selenium\libs\selenium-java-3.4.0\lib\cssparser-0.9.22.jar;C:\Users\edgri\Desktop\SeleniumCertificationTraining\Selenium\libs\selenium-java-3.4.0\lib\gson-2.8.0.jar;C:\Users\edgri\Desktop\SeleniumCertificationTraining\Selenium\libs\selenium-java-3.4.0\lib\guava-21.0.jar;C:\Users\edgri\Desktop\SeleniumCertificationTraining\Selenium\libs\selenium-java-3.4.0\lib\hamcrest-core-1.3.jar;C:\Users\edgri\Desktop\SeleniumCertificationTraining\Selenium\libs\selenium-java-3.4.0\lib\htmlunit-2.26.jar;C:\Users\edgri\Desktop\SeleniumCertificationTraining\Selenium\libs\selenium-java-3.4.0\lib\htmlunit-core-js-2.26.jar;C:\Users\edgri\Desktop\SeleniumCertificationTraining\Selenium\libs\selenium-java-3.4.0\lib\htmlunit-driver-2.26.jar;C:\Users\edgri\Desktop\SeleniumCertificationTraining\Selenium\libs\selenium-java-3.4.0\lib\httpclient-4.5.3.jar;C:\Users\edgri\Desktop\SeleniumCertificationTraining\Selenium\libs\selenium-java-3.4.0\lib\httpcore-4.4.6.jar;C:\Users\edgri\Desktop\SeleniumCertificationTraining\Selenium\libs\selenium-java-3.4.0\lib\httpmime-
Launcher Type: SUN_STANDARD

Environment Variables:
JAVA_HOME=C:\Program Files\Java\jdk1.8.0_201
PATH=C:/Program Files/Java/jre1.8.0_201/bin/server;C:/Program Files/Java/jre1.8.0_201/bin;C:/Program Files/Java/jre1.8.0_201/lib/amd64;C:\Program Files (x86)\Common Files\Oracle\Java\javapath;C:\Program Files (x86)\Intel\Intel(R) Management Engine Components\iCLS\;C:\Program Files\Intel\Intel(R) Management Engine Components\iCLS\;C:\Windows\system32;C:\Windows;C:\Windows\System32\Wbem;C:\Windows\System32\WindowsPowerShell\v1.0\;C:\Windows\System32\OpenSSH\;C:\Program Files (x86)\Intel\Intel(R) Management Engine Components\DAL;C:\Program Files\Intel\Intel(R) Management Engine Components\DAL;C:\Program Files (x86)\NVIDIA Corporation\PhysX\Common;C:\Program Files\Dell\Dell Data Protection\Encryption\;C:\Program Files\Intel\WiFi\bin\;C:\Program Files\Common Files\Intel\WirelessCommon\;C:\WINDOWS\system32;C:\WINDOWS;C:\WINDOWS\System32\Wbem;C:\WINDOWS\System32\WindowsPowerShell\v1.0\;C:\WINDOWS\System32\OpenSSH\;C:\Program Files\Java\jdk1.8.0_201\bin;C:\Program Files\Git\cmd;C:\Users\edgri\AppData\Local\Microsoft\WindowsApps;C:\Users\edgri\AppData\Local\GitHubDesktop\bin;C:\Users\edgri\Desktop;
USERNAME=Ed_G
OS=Windows_NT
PROCESSOR_IDENTIFIER=Intel64 Family 6 Model 158 Stepping 10, GenuineIntel



---------------  S Y S T E M  ---------------

OS: Windows 10.0 , 64 bit Build 17763 (10.0.17763.475)

CPU:total 12 (initial active 12) (6 cores per cpu, 2 threads per core) family 6 model 158 stepping 10, cmov, cx8, fxsr, mmx, sse, sse2, sse3, ssse3, sse4.1, sse4.2, popcnt, avx, avx2, aes, clmul, erms, rtm, 3dnowpref, lzcnt, ht, tsc, tscinvbit, bmi1, bmi2, adx

Memory: 4k page, physical 16584788k(6425424k free), swap 32837716k(15083948k free)

vm_info: Java HotSpot(TM) 64-Bit Server VM (25.201-b09) for windows-amd64 JRE (1.8.0_201-b09), built on Dec 15 2018 18:36:39 by "java_re" with MS VC++ 10.0 (VS2010)

time: Fri Jul 12 16:25:37 2019
timezone: Central Daylight Time
elapsed time: 24264 seconds (0d 6h 44m 24s)

